\BOOKMARK [0][-]{chapter*.3}{\376\377\000P\000r\000e\000f\000a\000c\000e}{}% 1
\BOOKMARK [1][-]{section*.4}{\376\377\000T\000e\000c\000h\000n\000i\000c\000a\000l\000i\000t\000i\000e\000s}{chapter*.3}% 2
\BOOKMARK [0][-]{chapter.1}{\376\377\000L\000i\000n\000e\000a\000r\000\040\000A\000l\000g\000e\000b\000r\000a\000i\000c\000\040\000G\000r\000o\000u\000p\000s}{}% 3
\BOOKMARK [1][-]{section.1.1}{\376\377\000P\000r\000e\000l\000i\000m\000i\000n\000a\000r\000i\000e\000s}{chapter.1}% 4
\BOOKMARK [2][-]{subsection.1.1.1}{\376\377\000M\000o\000t\000i\000v\000a\000t\000i\000o\000n\000\040\000\046\000\040\000H\000i\000s\000t\000o\000r\000i\000c\000a\000l\000\040\000B\000a\000c\000k\000g\000r\000o\000u\000n\000d}{section.1.1}% 5
\BOOKMARK [2][-]{subsection.1.1.2}{\376\377\000D\000e\000f\000i\000n\000i\000t\000i\000o\000n\000s\000\040\000\046\000\040\000C\000o\000u\000r\000s\000e\000\040\000G\000o\000a\000l\000s}{section.1.1}% 6
\BOOKMARK [2][-]{subsection.1.1.3}{\376\377\000P\000r\000e\000l\000i\000m\000i\000n\000a\000r\000y\000\040\000A\000l\000g\000e\000b\000r\000a\000i\000c\000\040\000G\000e\000o\000m\000e\000t\000r\000y}{section.1.1}% 7
\BOOKMARK [1][-]{section.1.2}{\376\377\000A\000l\000g\000e\000b\000r\000a\000i\000c\000\040\000G\000r\000o\000u\000p\000s}{chapter.1}% 8
\BOOKMARK [2][-]{subsection.1.2.1}{\376\377\000D\000e\000f\000i\000n\000i\000t\000i\000o\000n\000s}{section.1.2}% 9
\BOOKMARK [2][-]{subsection.1.2.2}{\376\377\000E\000m\000b\000e\000d\000d\000i\000n\000g\000\040\000A\000l\000g\000e\000b\000r\000a\000i\000c\000\040\000G\000r\000o\000u\000p\000s}{section.1.2}% 10
\BOOKMARK [2][-]{subsection.1.2.3}{\376\377\000J\000o\000r\000d\000a\000n\000\040\000D\000e\000c\000o\000m\000p\000o\000s\000i\000t\000i\000o\000n}{section.1.2}% 11
\BOOKMARK [2][-]{subsection.1.2.4}{\376\377\000U\000n\000i\000p\000o\000t\000e\000n\000t\000\040\000a\000n\000d\000\040\000R\000e\000d\000u\000c\000t\000i\000v\000e\000\040\000G\000r\000o\000u\000p\000s}{section.1.2}% 12
\BOOKMARK [1][-]{section.1.3}{\376\377\000T\000a\000n\000g\000e\000n\000t\000\040\000S\000p\000a\000c\000e\000s}{chapter.1}% 13
\BOOKMARK [2][-]{subsection.1.3.1}{\376\377\000D\000e\000f\000i\000n\000i\000t\000i\000o\000n\000s}{section.1.3}% 14
\BOOKMARK [2][-]{subsection.1.3.2}{\376\377\000D\000e\000f\000i\000n\000i\000t\000i\000o\000n\000s\000\040\000I\000n\000d\000e\000p\000e\000n\000d\000e\000n\000t\000\040\000o\000f\000\040\000t\000h\000e\000\040\000E\000m\000b\000e\000d\000d\000i\000n\000g}{section.1.3}% 15
\BOOKMARK [2][-]{subsection.1.3.3}{\376\377\000D\000i\000m\000e\000n\000s\000i\000o\000n}{section.1.3}% 16
\BOOKMARK [1][-]{section.1.4}{\376\377\000L\000i\000e\000\040\000A\000l\000g\000e\000b\000r\000a\000s}{chapter.1}% 17
\BOOKMARK [2][-]{subsection.1.4.1}{\376\377\000D\000e\000f\000i\000n\000i\000t\000i\000o\000n\000s}{section.1.4}% 18
\BOOKMARK [1][-]{section.1.5}{\376\377\000C\000a\000t\000e\000g\000o\000r\000i\000c\000a\000l\000\040\000A\000p\000p\000r\000o\000a\000c\000h\000\040\000t\000o\000\040\000A\000l\000g\000e\000b\000r\000a\000i\000c\000\040\000G\000r\000o\000u\000p\000s}{chapter.1}% 19
\BOOKMARK [2][-]{subsection.1.5.1}{\376\377\000D\000e\000f\000i\000n\000i\000t\000i\000o\000n\000s}{section.1.5}% 20
\BOOKMARK [2][-]{subsection.1.5.2}{\376\377\000I\000n\000t\000e\000r\000l\000u\000d\000e\000:\000\040\000G\000e\000n\000e\000r\000a\000l\000\040\000\050\000N\000o\000n\000-\000A\000f\000f\000i\000n\000e\000\051\000\040\000S\000c\000h\000e\000m\000e\000s}{section.1.5}% 21
\BOOKMARK [2][-]{subsection.1.5.3}{\376\377\000A\000\040\000C\000a\000t\000e\000g\000o\000r\000i\000c\000a\000l\000\040\000A\000p\000p\000r\000o\000a\000c\000h\000\040\000t\000o\000\040\000A\000l\000g\000e\000b\000r\000a\000i\000c\000\040\000G\000r\000o\000u\000p\000s}{section.1.5}% 22
